<?xml version="1.0" encoding="UTF-8"?>
<testsuite xmlns:xsi="http://www.w3.org/2001/XMLSchema-instance" xsi:noNamespaceSchemaLocation="https://maven.apache.org/surefire/maven-surefire-plugin/xsd/surefire-test-report-3.0.xsd" version="3.0" name="com.wipro.SpringR2dbcAppApplicationTests" time="6.994" tests="1" errors="0" skipped="0" failures="0">
  <properties>
    <property name="java.specification.version" value="17"/>
    <property name="sun.jnu.encoding" value="UTF-8"/>
    <property name="java.class.path" value="/home/rps/Downloads/spring-r2dbc-app/target/test-classes:/home/rps/Downloads/spring-r2dbc-app/target/classes:/home/rps/.m2/repository/org/springframework/boot/spring-boot-starter-data-r2dbc/3.3.0/spring-boot-starter-data-r2dbc-3.3.0.jar:/home/rps/.m2/repository/org/springframework/boot/spring-boot-starter/3.3.0/spring-boot-starter-3.3.0.jar:/home/rps/.m2/repository/org/springframework/boot/spring-boot/3.3.0/spring-boot-3.3.0.jar:/home/rps/.m2/repository/org/springframework/boot/spring-boot-autoconfigure/3.3.0/spring-boot-autoconfigure-3.3.0.jar:/home/rps/.m2/repository/org/springframework/boot/spring-boot-starter-logging/3.3.0/spring-boot-starter-logging-3.3.0.jar:/home/rps/.m2/repository/ch/qos/logback/logback-classic/1.5.6/logback-classic-1.5.6.jar:/home/rps/.m2/repository/ch/qos/logback/logback-core/1.5.6/logback-core-1.5.6.jar:/home/rps/.m2/repository/org/apache/logging/log4j/log4j-to-slf4j/2.23.1/log4j-to-slf4j-2.23.1.jar:/home/rps/.m2/repository/org/apache/logging/log4j/log4j-api/2.23.1/log4j-api-2.23.1.jar:/home/rps/.m2/repository/org/slf4j/jul-to-slf4j/2.0.13/jul-to-slf4j-2.0.13.jar:/home/rps/.m2/repository/jakarta/annotation/jakarta.annotation-api/2.1.1/jakarta.annotation-api-2.1.1.jar:/home/rps/.m2/repository/org/yaml/snakeyaml/2.2/snakeyaml-2.2.jar:/home/rps/.m2/repository/org/springframework/data/spring-data-r2dbc/3.3.0/spring-data-r2dbc-3.3.0.jar:/home/rps/.m2/repository/org/springframework/data/spring-data-relational/3.3.0/spring-data-relational-3.3.0.jar:/home/rps/.m2/repository/com/github/jsqlparser/jsqlparser/4.6/jsqlparser-4.6.jar:/home/rps/.m2/repository/org/springframework/data/spring-data-commons/3.3.0/spring-data-commons-3.3.0.jar:/home/rps/.m2/repository/org/springframework/spring-tx/6.1.8/spring-tx-6.1.8.jar:/home/rps/.m2/repository/org/springframework/spring-context/6.1.8/spring-context-6.1.8.jar:/home/rps/.m2/repository/org/springframework/spring-aop/6.1.8/spring-aop-6.1.8.jar:/home/rps/.m2/repository/org/springframework/spring-expression/6.1.8/spring-expression-6.1.8.jar:/home/rps/.m2/repository/org/springframework/spring-beans/6.1.8/spring-beans-6.1.8.jar:/home/rps/.m2/repository/org/springframework/spring-jdbc/6.1.8/spring-jdbc-6.1.8.jar:/home/rps/.m2/repository/org/springframework/spring-r2dbc/6.1.8/spring-r2dbc-6.1.8.jar:/home/rps/.m2/repository/org/slf4j/slf4j-api/2.0.13/slf4j-api-2.0.13.jar:/home/rps/.m2/repository/io/r2dbc/r2dbc-spi/1.0.0.RELEASE/r2dbc-spi-1.0.0.RELEASE.jar:/home/rps/.m2/repository/org/reactivestreams/reactive-streams/1.0.4/reactive-streams-1.0.4.jar:/home/rps/.m2/repository/io/r2dbc/r2dbc-pool/1.0.1.RELEASE/r2dbc-pool-1.0.1.RELEASE.jar:/home/rps/.m2/repository/io/projectreactor/addons/reactor-pool/1.0.5/reactor-pool-1.0.5.jar:/home/rps/.m2/repository/org/springframework/boot/spring-boot-starter-webflux/3.3.0/spring-boot-starter-webflux-3.3.0.jar:/home/rps/.m2/repository/org/springframework/boot/spring-boot-starter-json/3.3.0/spring-boot-starter-json-3.3.0.jar:/home/rps/.m2/repository/com/fasterxml/jackson/core/jackson-databind/2.17.1/jackson-databind-2.17.1.jar:/home/rps/.m2/repository/com/fasterxml/jackson/core/jackson-annotations/2.17.1/jackson-annotations-2.17.1.jar:/home/rps/.m2/repository/com/fasterxml/jackson/core/jackson-core/2.17.1/jackson-core-2.17.1.jar:/home/rps/.m2/repository/com/fasterxml/jackson/datatype/jackson-datatype-jdk8/2.17.1/jackson-datatype-jdk8-2.17.1.jar:/home/rps/.m2/repository/com/fasterxml/jackson/datatype/jackson-datatype-jsr310/2.17.1/jackson-datatype-jsr310-2.17.1.jar:/home/rps/.m2/repository/com/fasterxml/jackson/module/jackson-module-parameter-names/2.17.1/jackson-module-parameter-names-2.17.1.jar:/home/rps/.m2/repository/org/springframework/boot/spring-boot-starter-reactor-netty/3.3.0/spring-boot-starter-reactor-netty-3.3.0.jar:/home/rps/.m2/repository/io/projectreactor/netty/reactor-netty-http/1.1.19/reactor-netty-http-1.1.19.jar:/home/rps/.m2/repository/io/netty/netty-codec-http/4.1.110.Final/netty-codec-http-4.1.110.Final.jar:/home/rps/.m2/repository/io/netty/netty-common/4.1.110.Final/netty-common-4.1.110.Final.jar:/home/rps/.m2/repository/io/netty/netty-buffer/4.1.110.Final/netty-buffer-4.1.110.Final.jar:/home/rps/.m2/repository/io/netty/netty-transport/4.1.110.Final/netty-transport-4.1.110.Final.jar:/home/rps/.m2/repository/io/netty/netty-codec/4.1.110.Final/netty-codec-4.1.110.Final.jar:/home/rps/.m2/repository/io/netty/netty-handler/4.1.110.Final/netty-handler-4.1.110.Final.jar:/home/rps/.m2/repository/io/netty/netty-codec-http2/4.1.110.Final/netty-codec-http2-4.1.110.Final.jar:/home/rps/.m2/repository/io/netty/netty-resolver-dns/4.1.110.Final/netty-resolver-dns-4.1.110.Final.jar:/home/rps/.m2/repository/io/netty/netty-resolver/4.1.110.Final/netty-resolver-4.1.110.Final.jar:/home/rps/.m2/repository/io/netty/netty-codec-dns/4.1.110.Final/netty-codec-dns-4.1.110.Final.jar:/home/rps/.m2/repository/io/netty/netty-resolver-dns-native-macos/4.1.110.Final/netty-resolver-dns-native-macos-4.1.110.Final-osx-x86_64.jar:/home/rps/.m2/repository/io/netty/netty-resolver-dns-classes-macos/4.1.110.Final/netty-resolver-dns-classes-macos-4.1.110.Final.jar:/home/rps/.m2/repository/io/netty/netty-transport-native-epoll/4.1.110.Final/netty-transport-native-epoll-4.1.110.Final-linux-x86_64.jar:/home/rps/.m2/repository/io/netty/netty-transport-native-unix-common/4.1.110.Final/netty-transport-native-unix-common-4.1.110.Final.jar:/home/rps/.m2/repository/io/netty/netty-transport-classes-epoll/4.1.110.Final/netty-transport-classes-epoll-4.1.110.Final.jar:/home/rps/.m2/repository/io/projectreactor/netty/reactor-netty-core/1.1.19/reactor-netty-core-1.1.19.jar:/home/rps/.m2/repository/io/netty/netty-handler-proxy/4.1.110.Final/netty-handler-proxy-4.1.110.Final.jar:/home/rps/.m2/repository/io/netty/netty-codec-socks/4.1.110.Final/netty-codec-socks-4.1.110.Final.jar:/home/rps/.m2/repository/org/springframework/spring-web/6.1.8/spring-web-6.1.8.jar:/home/rps/.m2/repository/io/micrometer/micrometer-observation/1.13.0/micrometer-observation-1.13.0.jar:/home/rps/.m2/repository/io/micrometer/micrometer-commons/1.13.0/micrometer-commons-1.13.0.jar:/home/rps/.m2/repository/org/springframework/spring-webflux/6.1.8/spring-webflux-6.1.8.jar:/home/rps/.m2/repository/com/h2database/h2/2.2.224/h2-2.2.224.jar:/home/rps/.m2/repository/io/r2dbc/r2dbc-h2/1.0.0.RELEASE/r2dbc-h2-1.0.0.RELEASE.jar:/home/rps/.m2/repository/io/projectreactor/reactor-core/3.6.6/reactor-core-3.6.6.jar:/home/rps/.m2/repository/org/projectlombok/lombok/1.18.32/lombok-1.18.32.jar:/home/rps/.m2/repository/org/springframework/boot/spring-boot-starter-test/3.3.0/spring-boot-starter-test-3.3.0.jar:/home/rps/.m2/repository/org/springframework/boot/spring-boot-test/3.3.0/spring-boot-test-3.3.0.jar:/home/rps/.m2/repository/org/springframework/boot/spring-boot-test-autoconfigure/3.3.0/spring-boot-test-autoconfigure-3.3.0.jar:/home/rps/.m2/repository/com/jayway/jsonpath/json-path/2.9.0/json-path-2.9.0.jar:/home/rps/.m2/repository/jakarta/xml/bind/jakarta.xml.bind-api/4.0.2/jakarta.xml.bind-api-4.0.2.jar:/home/rps/.m2/repository/jakarta/activation/jakarta.activation-api/2.1.3/jakarta.activation-api-2.1.3.jar:/home/rps/.m2/repository/net/minidev/json-smart/2.5.1/json-smart-2.5.1.jar:/home/rps/.m2/repository/net/minidev/accessors-smart/2.5.1/accessors-smart-2.5.1.jar:/home/rps/.m2/repository/org/ow2/asm/asm/9.6/asm-9.6.jar:/home/rps/.m2/repository/org/assertj/assertj-core/3.25.3/assertj-core-3.25.3.jar:/home/rps/.m2/repository/net/bytebuddy/byte-buddy/1.14.16/byte-buddy-1.14.16.jar:/home/rps/.m2/repository/org/awaitility/awaitility/4.2.1/awaitility-4.2.1.jar:/home/rps/.m2/repository/org/hamcrest/hamcrest/2.2/hamcrest-2.2.jar:/home/rps/.m2/repository/org/junit/jupiter/junit-jupiter/5.10.2/junit-jupiter-5.10.2.jar:/home/rps/.m2/repository/org/junit/jupiter/junit-jupiter-api/5.10.2/junit-jupiter-api-5.10.2.jar:/home/rps/.m2/repository/org/opentest4j/opentest4j/1.3.0/opentest4j-1.3.0.jar:/home/rps/.m2/repository/org/junit/platform/junit-platform-commons/1.10.2/junit-platform-commons-1.10.2.jar:/home/rps/.m2/repository/org/apiguardian/apiguardian-api/1.1.2/apiguardian-api-1.1.2.jar:/home/rps/.m2/repository/org/junit/jupiter/junit-jupiter-params/5.10.2/junit-jupiter-params-5.10.2.jar:/home/rps/.m2/repository/org/junit/jupiter/junit-jupiter-engine/5.10.2/junit-jupiter-engine-5.10.2.jar:/home/rps/.m2/repository/org/junit/platform/junit-platform-engine/1.10.2/junit-platform-engine-1.10.2.jar:/home/rps/.m2/repository/org/mockito/mockito-core/5.11.0/mockito-core-5.11.0.jar:/home/rps/.m2/repository/net/bytebuddy/byte-buddy-agent/1.14.16/byte-buddy-agent-1.14.16.jar:/home/rps/.m2/repository/org/objenesis/objenesis/3.3/objenesis-3.3.jar:/home/rps/.m2/repository/org/mockito/mockito-junit-jupiter/5.11.0/mockito-junit-jupiter-5.11.0.jar:/home/rps/.m2/repository/org/skyscreamer/jsonassert/1.5.1/jsonassert-1.5.1.jar:/home/rps/.m2/repository/com/vaadin/external/google/android-json/0.0.20131108.vaadin1/android-json-0.0.20131108.vaadin1.jar:/home/rps/.m2/repository/org/springframework/spring-core/6.1.8/spring-core-6.1.8.jar:/home/rps/.m2/repository/org/springframework/spring-jcl/6.1.8/spring-jcl-6.1.8.jar:/home/rps/.m2/repository/org/springframework/spring-test/6.1.8/spring-test-6.1.8.jar:/home/rps/.m2/repository/org/xmlunit/xmlunit-core/2.9.1/xmlunit-core-2.9.1.jar:/home/rps/.m2/repository/io/projectreactor/reactor-test/3.6.6/reactor-test-3.6.6.jar:"/>
    <property name="java.vm.vendor" value="Eclipse Adoptium"/>
    <property name="sun.arch.data.model" value="64"/>
    <property name="java.vendor.url" value="https://adoptium.net/"/>
    <property name="user.timezone" value="Asia/Kolkata"/>
    <property name="os.name" value="Linux"/>
    <property name="java.vm.specification.version" value="17"/>
    <property name="sun.java.launcher" value="SUN_STANDARD"/>
    <property name="user.country" value="IN"/>
    <property name="sun.boot.library.path" value="/snap/eclipse/87/plugins/org.eclipse.justj.openjdk.hotspot.jre.full.linux.x86_64_17.0.10.v20240120-1143/jre/lib"/>
    <property name="sun.java.command" value="/home/rps/Downloads/spring-r2dbc-app/target/surefire/surefirebooter-20240612174603782_3.jar /home/rps/Downloads/spring-r2dbc-app/target/surefire 2024-06-12T17-46-03_532-jvmRun1 surefire-20240612174603782_1tmp surefire_0-20240612174603782_2tmp"/>
    <property name="jdk.debug" value="release"/>
    <property name="surefire.test.class.path" value="/home/rps/Downloads/spring-r2dbc-app/target/test-classes:/home/rps/Downloads/spring-r2dbc-app/target/classes:/home/rps/.m2/repository/org/springframework/boot/spring-boot-starter-data-r2dbc/3.3.0/spring-boot-starter-data-r2dbc-3.3.0.jar:/home/rps/.m2/repository/org/springframework/boot/spring-boot-starter/3.3.0/spring-boot-starter-3.3.0.jar:/home/rps/.m2/repository/org/springframework/boot/spring-boot/3.3.0/spring-boot-3.3.0.jar:/home/rps/.m2/repository/org/springframework/boot/spring-boot-autoconfigure/3.3.0/spring-boot-autoconfigure-3.3.0.jar:/home/rps/.m2/repository/org/springframework/boot/spring-boot-starter-logging/3.3.0/spring-boot-starter-logging-3.3.0.jar:/home/rps/.m2/repository/ch/qos/logback/logback-classic/1.5.6/logback-classic-1.5.6.jar:/home/rps/.m2/repository/ch/qos/logback/logback-core/1.5.6/logback-core-1.5.6.jar:/home/rps/.m2/repository/org/apache/logging/log4j/log4j-to-slf4j/2.23.1/log4j-to-slf4j-2.23.1.jar:/home/rps/.m2/repository/org/apache/logging/log4j/log4j-api/2.23.1/log4j-api-2.23.1.jar:/home/rps/.m2/repository/org/slf4j/jul-to-slf4j/2.0.13/jul-to-slf4j-2.0.13.jar:/home/rps/.m2/repository/jakarta/annotation/jakarta.annotation-api/2.1.1/jakarta.annotation-api-2.1.1.jar:/home/rps/.m2/repository/org/yaml/snakeyaml/2.2/snakeyaml-2.2.jar:/home/rps/.m2/repository/org/springframework/data/spring-data-r2dbc/3.3.0/spring-data-r2dbc-3.3.0.jar:/home/rps/.m2/repository/org/springframework/data/spring-data-relational/3.3.0/spring-data-relational-3.3.0.jar:/home/rps/.m2/repository/com/github/jsqlparser/jsqlparser/4.6/jsqlparser-4.6.jar:/home/rps/.m2/repository/org/springframework/data/spring-data-commons/3.3.0/spring-data-commons-3.3.0.jar:/home/rps/.m2/repository/org/springframework/spring-tx/6.1.8/spring-tx-6.1.8.jar:/home/rps/.m2/repository/org/springframework/spring-context/6.1.8/spring-context-6.1.8.jar:/home/rps/.m2/repository/org/springframework/spring-aop/6.1.8/spring-aop-6.1.8.jar:/home/rps/.m2/repository/org/springframework/spring-expression/6.1.8/spring-expression-6.1.8.jar:/home/rps/.m2/repository/org/springframework/spring-beans/6.1.8/spring-beans-6.1.8.jar:/home/rps/.m2/repository/org/springframework/spring-jdbc/6.1.8/spring-jdbc-6.1.8.jar:/home/rps/.m2/repository/org/springframework/spring-r2dbc/6.1.8/spring-r2dbc-6.1.8.jar:/home/rps/.m2/repository/org/slf4j/slf4j-api/2.0.13/slf4j-api-2.0.13.jar:/home/rps/.m2/repository/io/r2dbc/r2dbc-spi/1.0.0.RELEASE/r2dbc-spi-1.0.0.RELEASE.jar:/home/rps/.m2/repository/org/reactivestreams/reactive-streams/1.0.4/reactive-streams-1.0.4.jar:/home/rps/.m2/repository/io/r2dbc/r2dbc-pool/1.0.1.RELEASE/r2dbc-pool-1.0.1.RELEASE.jar:/home/rps/.m2/repository/io/projectreactor/addons/reactor-pool/1.0.5/reactor-pool-1.0.5.jar:/home/rps/.m2/repository/org/springframework/boot/spring-boot-starter-webflux/3.3.0/spring-boot-starter-webflux-3.3.0.jar:/home/rps/.m2/repository/org/springframework/boot/spring-boot-starter-json/3.3.0/spring-boot-starter-json-3.3.0.jar:/home/rps/.m2/repository/com/fasterxml/jackson/core/jackson-databind/2.17.1/jackson-databind-2.17.1.jar:/home/rps/.m2/repository/com/fasterxml/jackson/core/jackson-annotations/2.17.1/jackson-annotations-2.17.1.jar:/home/rps/.m2/repository/com/fasterxml/jackson/core/jackson-core/2.17.1/jackson-core-2.17.1.jar:/home/rps/.m2/repository/com/fasterxml/jackson/datatype/jackson-datatype-jdk8/2.17.1/jackson-datatype-jdk8-2.17.1.jar:/home/rps/.m2/repository/com/fasterxml/jackson/datatype/jackson-datatype-jsr310/2.17.1/jackson-datatype-jsr310-2.17.1.jar:/home/rps/.m2/repository/com/fasterxml/jackson/module/jackson-module-parameter-names/2.17.1/jackson-module-parameter-names-2.17.1.jar:/home/rps/.m2/repository/org/springframework/boot/spring-boot-starter-reactor-netty/3.3.0/spring-boot-starter-reactor-netty-3.3.0.jar:/home/rps/.m2/repository/io/projectreactor/netty/reactor-netty-http/1.1.19/reactor-netty-http-1.1.19.jar:/home/rps/.m2/repository/io/netty/netty-codec-http/4.1.110.Final/netty-codec-http-4.1.110.Final.jar:/home/rps/.m2/repository/io/netty/netty-common/4.1.110.Final/netty-common-4.1.110.Final.jar:/home/rps/.m2/repository/io/netty/netty-buffer/4.1.110.Final/netty-buffer-4.1.110.Final.jar:/home/rps/.m2/repository/io/netty/netty-transport/4.1.110.Final/netty-transport-4.1.110.Final.jar:/home/rps/.m2/repository/io/netty/netty-codec/4.1.110.Final/netty-codec-4.1.110.Final.jar:/home/rps/.m2/repository/io/netty/netty-handler/4.1.110.Final/netty-handler-4.1.110.Final.jar:/home/rps/.m2/repository/io/netty/netty-codec-http2/4.1.110.Final/netty-codec-http2-4.1.110.Final.jar:/home/rps/.m2/repository/io/netty/netty-resolver-dns/4.1.110.Final/netty-resolver-dns-4.1.110.Final.jar:/home/rps/.m2/repository/io/netty/netty-resolver/4.1.110.Final/netty-resolver-4.1.110.Final.jar:/home/rps/.m2/repository/io/netty/netty-codec-dns/4.1.110.Final/netty-codec-dns-4.1.110.Final.jar:/home/rps/.m2/repository/io/netty/netty-resolver-dns-native-macos/4.1.110.Final/netty-resolver-dns-native-macos-4.1.110.Final-osx-x86_64.jar:/home/rps/.m2/repository/io/netty/netty-resolver-dns-classes-macos/4.1.110.Final/netty-resolver-dns-classes-macos-4.1.110.Final.jar:/home/rps/.m2/repository/io/netty/netty-transport-native-epoll/4.1.110.Final/netty-transport-native-epoll-4.1.110.Final-linux-x86_64.jar:/home/rps/.m2/repository/io/netty/netty-transport-native-unix-common/4.1.110.Final/netty-transport-native-unix-common-4.1.110.Final.jar:/home/rps/.m2/repository/io/netty/netty-transport-classes-epoll/4.1.110.Final/netty-transport-classes-epoll-4.1.110.Final.jar:/home/rps/.m2/repository/io/projectreactor/netty/reactor-netty-core/1.1.19/reactor-netty-core-1.1.19.jar:/home/rps/.m2/repository/io/netty/netty-handler-proxy/4.1.110.Final/netty-handler-proxy-4.1.110.Final.jar:/home/rps/.m2/repository/io/netty/netty-codec-socks/4.1.110.Final/netty-codec-socks-4.1.110.Final.jar:/home/rps/.m2/repository/org/springframework/spring-web/6.1.8/spring-web-6.1.8.jar:/home/rps/.m2/repository/io/micrometer/micrometer-observation/1.13.0/micrometer-observation-1.13.0.jar:/home/rps/.m2/repository/io/micrometer/micrometer-commons/1.13.0/micrometer-commons-1.13.0.jar:/home/rps/.m2/repository/org/springframework/spring-webflux/6.1.8/spring-webflux-6.1.8.jar:/home/rps/.m2/repository/com/h2database/h2/2.2.224/h2-2.2.224.jar:/home/rps/.m2/repository/io/r2dbc/r2dbc-h2/1.0.0.RELEASE/r2dbc-h2-1.0.0.RELEASE.jar:/home/rps/.m2/repository/io/projectreactor/reactor-core/3.6.6/reactor-core-3.6.6.jar:/home/rps/.m2/repository/org/projectlombok/lombok/1.18.32/lombok-1.18.32.jar:/home/rps/.m2/repository/org/springframework/boot/spring-boot-starter-test/3.3.0/spring-boot-starter-test-3.3.0.jar:/home/rps/.m2/repository/org/springframework/boot/spring-boot-test/3.3.0/spring-boot-test-3.3.0.jar:/home/rps/.m2/repository/org/springframework/boot/spring-boot-test-autoconfigure/3.3.0/spring-boot-test-autoconfigure-3.3.0.jar:/home/rps/.m2/repository/com/jayway/jsonpath/json-path/2.9.0/json-path-2.9.0.jar:/home/rps/.m2/repository/jakarta/xml/bind/jakarta.xml.bind-api/4.0.2/jakarta.xml.bind-api-4.0.2.jar:/home/rps/.m2/repository/jakarta/activation/jakarta.activation-api/2.1.3/jakarta.activation-api-2.1.3.jar:/home/rps/.m2/repository/net/minidev/json-smart/2.5.1/json-smart-2.5.1.jar:/home/rps/.m2/repository/net/minidev/accessors-smart/2.5.1/accessors-smart-2.5.1.jar:/home/rps/.m2/repository/org/ow2/asm/asm/9.6/asm-9.6.jar:/home/rps/.m2/repository/org/assertj/assertj-core/3.25.3/assertj-core-3.25.3.jar:/home/rps/.m2/repository/net/bytebuddy/byte-buddy/1.14.16/byte-buddy-1.14.16.jar:/home/rps/.m2/repository/org/awaitility/awaitility/4.2.1/awaitility-4.2.1.jar:/home/rps/.m2/repository/org/hamcrest/hamcrest/2.2/hamcrest-2.2.jar:/home/rps/.m2/repository/org/junit/jupiter/junit-jupiter/5.10.2/junit-jupiter-5.10.2.jar:/home/rps/.m2/repository/org/junit/jupiter/junit-jupiter-api/5.10.2/junit-jupiter-api-5.10.2.jar:/home/rps/.m2/repository/org/opentest4j/opentest4j/1.3.0/opentest4j-1.3.0.jar:/home/rps/.m2/repository/org/junit/platform/junit-platform-commons/1.10.2/junit-platform-commons-1.10.2.jar:/home/rps/.m2/repository/org/apiguardian/apiguardian-api/1.1.2/apiguardian-api-1.1.2.jar:/home/rps/.m2/repository/org/junit/jupiter/junit-jupiter-params/5.10.2/junit-jupiter-params-5.10.2.jar:/home/rps/.m2/repository/org/junit/jupiter/junit-jupiter-engine/5.10.2/junit-jupiter-engine-5.10.2.jar:/home/rps/.m2/repository/org/junit/platform/junit-platform-engine/1.10.2/junit-platform-engine-1.10.2.jar:/home/rps/.m2/repository/org/mockito/mockito-core/5.11.0/mockito-core-5.11.0.jar:/home/rps/.m2/repository/net/bytebuddy/byte-buddy-agent/1.14.16/byte-buddy-agent-1.14.16.jar:/home/rps/.m2/repository/org/objenesis/objenesis/3.3/objenesis-3.3.jar:/home/rps/.m2/repository/org/mockito/mockito-junit-jupiter/5.11.0/mockito-junit-jupiter-5.11.0.jar:/home/rps/.m2/repository/org/skyscreamer/jsonassert/1.5.1/jsonassert-1.5.1.jar:/home/rps/.m2/repository/com/vaadin/external/google/android-json/0.0.20131108.vaadin1/android-json-0.0.20131108.vaadin1.jar:/home/rps/.m2/repository/org/springframework/spring-core/6.1.8/spring-core-6.1.8.jar:/home/rps/.m2/repository/org/springframework/spring-jcl/6.1.8/spring-jcl-6.1.8.jar:/home/rps/.m2/repository/org/springframework/spring-test/6.1.8/spring-test-6.1.8.jar:/home/rps/.m2/repository/org/xmlunit/xmlunit-core/2.9.1/xmlunit-core-2.9.1.jar:/home/rps/.m2/repository/io/projectreactor/reactor-test/3.6.6/reactor-test-3.6.6.jar:"/>
    <property name="sun.cpu.endian" value="little"/>
    <property name="user.home" value="/home/rps"/>
    <property name="user.language" value="en"/>
    <property name="java.specification.vendor" value="Oracle Corporation"/>
    <property name="java.version.date" value="2024-01-16"/>
    <property name="java.home" value="/snap/eclipse/87/plugins/org.eclipse.justj.openjdk.hotspot.jre.full.linux.x86_64_17.0.10.v20240120-1143/jre"/>
    <property name="file.separator" value="/"/>
    <property name="style.color" value="always"/>
    <property name="basedir" value="/home/rps/Downloads/spring-r2dbc-app"/>
    <property name="java.vm.compressedOopsMode" value="Zero based"/>
    <property name="line.separator" value="&#10;"/>
    <property name="java.specification.name" value="Java Platform API Specification"/>
    <property name="java.vm.specification.vendor" value="Oracle Corporation"/>
    <property name="FILE_LOG_CHARSET" value="UTF-8"/>
    <property name="java.awt.headless" value="true"/>
    <property name="surefire.real.class.path" value="/home/rps/Downloads/spring-r2dbc-app/target/surefire/surefirebooter-20240612174603782_3.jar"/>
    <property name="sun.management.compiler" value="HotSpot 64-Bit Tiered Compilers"/>
    <property name="java.runtime.version" value="17.0.10+7"/>
    <property name="user.name" value="rps"/>
    <property name="path.separator" value=":"/>
    <property name="os.version" value="6.5.0-28-generic"/>
    <property name="java.runtime.name" value="OpenJDK Runtime Environment"/>
    <property name="file.encoding" value="UTF-8"/>
    <property name="java.vm.name" value="OpenJDK 64-Bit Server VM"/>
    <property name="java.vendor.version" value="Temurin-17.0.10+7"/>
    <property name="localRepository" value="/home/rps/.m2/repository"/>
    <property name="java.vendor.url.bug" value="https://github.com/adoptium/adoptium-support/issues"/>
    <property name="java.io.tmpdir" value="/tmp"/>
    <property name="java.version" value="17.0.10"/>
    <property name="user.dir" value="/home/rps/Downloads/spring-r2dbc-app"/>
    <property name="os.arch" value="amd64"/>
    <property name="java.vm.specification.name" value="Java Virtual Machine Specification"/>
    <property name="PID" value="551102"/>
    <property name="CONSOLE_LOG_CHARSET" value="UTF-8"/>
    <property name="native.encoding" value="UTF-8"/>
    <property name="java.library.path" value="/usr/java/packages/lib:/usr/lib64:/lib64:/lib:/usr/lib"/>
    <property name="java.vm.info" value="mixed mode"/>
    <property name="java.vendor" value="Eclipse Adoptium"/>
    <property name="java.vm.version" value="17.0.10+7"/>
    <property name="sun.io.unicode.encoding" value="UnicodeLittle"/>
    <property name="java.class.version" value="61.0"/>
    <property name="LOGGED_APPLICATION_NAME" value="[spring-r2dbc-app] "/>
  </properties>
  <testcase name="contextLoads" classname="com.wipro.SpringR2dbcAppApplicationTests" time="1.546">
    <system-out><![CDATA[17:46:05.549 [main] INFO org.springframework.test.context.support.AnnotationConfigContextLoaderUtils -- Could not detect default configuration classes for test class [com.wipro.SpringR2dbcAppApplicationTests]: SpringR2dbcAppApplicationTests does not declare any static, non-private, non-final, nested classes annotated with @Configuration.
17:46:05.813 [main] INFO org.springframework.boot.test.context.SpringBootTestContextBootstrapper -- Found @SpringBootConfiguration com.wipro.SpringR2dbcAppApplication for test class com.wipro.SpringR2dbcAppApplicationTests
  .   ____          _            __ _ _
 /\\ / ___'_ __ _ _(_)_ __  __ _ \ \ \ \
( ( )\___ | '_ | '_| | '_ \/ _` | \ \ \ \
 \\/  ___)| |_)| | | | | || (_| |  ) ) ) )
  '  |____| .__|_| |_|_| |_\__, | / / / /
 =========|_|==============|___/=/_/_/_/

 :: Spring Boot ::                (v3.3.0)

2024-06-12T17:46:06.475+05:30  INFO 551102 --- [spring-r2dbc-app] [           main] c.wipro.SpringR2dbcAppApplicationTests   : Starting SpringR2dbcAppApplicationTests using Java 17.0.10 with PID 551102 (started by rps in /home/rps/Downloads/spring-r2dbc-app)
2024-06-12T17:46:06.477+05:30  INFO 551102 --- [spring-r2dbc-app] [           main] c.wipro.SpringR2dbcAppApplicationTests   : No active profile set, falling back to 1 default profile: "default"
2024-06-12T17:46:07.234+05:30  INFO 551102 --- [spring-r2dbc-app] [           main] .s.d.r.c.RepositoryConfigurationDelegate : Bootstrapping Spring Data R2DBC repositories in DEFAULT mode.
2024-06-12T17:46:07.406+05:30  INFO 551102 --- [spring-r2dbc-app] [           main] .s.d.r.c.RepositoryConfigurationDelegate : Finished Spring Data repository scanning in 165 ms. Found 1 R2DBC repository interface.
2024-06-12T17:46:10.277+05:30  INFO 551102 --- [spring-r2dbc-app] [           main] c.wipro.SpringR2dbcAppApplicationTests   : Started SpringR2dbcAppApplicationTests in 4.212 seconds (process running for 6.391)
2024-06-12T17:46:10.497+05:30  INFO 551102 --- [spring-r2dbc-app] [           main] com.wipro.SpringR2dbcAppApplication      : Customers found with findAll():
2024-06-12T17:46:10.498+05:30  INFO 551102 --- [spring-r2dbc-app] [           main] com.wipro.SpringR2dbcAppApplication      : -------------------------------
2024-06-12T17:46:10.587+05:30  INFO 551102 --- [spring-r2dbc-app] [           main] com.wipro.SpringR2dbcAppApplication      : Customer[id=1, firstName='Jack', lastName='Bauer']
2024-06-12T17:46:10.589+05:30  INFO 551102 --- [spring-r2dbc-app] [           main] com.wipro.SpringR2dbcAppApplication      : Customer[id=2, firstName='Chloe', lastName='O'Brian']
2024-06-12T17:46:10.590+05:30  INFO 551102 --- [spring-r2dbc-app] [           main] com.wipro.SpringR2dbcAppApplication      : Customer[id=3, firstName='Kim', lastName='Bauer']
2024-06-12T17:46:10.595+05:30  INFO 551102 --- [spring-r2dbc-app] [           main] com.wipro.SpringR2dbcAppApplication      : Customer[id=4, firstName='David', lastName='Palmer']
2024-06-12T17:46:10.597+05:30  INFO 551102 --- [spring-r2dbc-app] [           main] com.wipro.SpringR2dbcAppApplication      : Customer[id=5, firstName='Michelle', lastName='Dessler']
2024-06-12T17:46:10.601+05:30  INFO 551102 --- [spring-r2dbc-app] [           main] com.wipro.SpringR2dbcAppApplication      : 
2024-06-12T17:46:10.656+05:30  INFO 551102 --- [spring-r2dbc-app] [           main] com.wipro.SpringR2dbcAppApplication      : Customer found with findById(1L):
2024-06-12T17:46:10.657+05:30  INFO 551102 --- [spring-r2dbc-app] [           main] com.wipro.SpringR2dbcAppApplication      : --------------------------------
2024-06-12T17:46:10.657+05:30  INFO 551102 --- [spring-r2dbc-app] [           main] com.wipro.SpringR2dbcAppApplication      : Customer[id=1, firstName='Jack', lastName='Bauer']
2024-06-12T17:46:10.661+05:30  INFO 551102 --- [spring-r2dbc-app] [           main] com.wipro.SpringR2dbcAppApplication      : 
2024-06-12T17:46:10.662+05:30  INFO 551102 --- [spring-r2dbc-app] [           main] com.wipro.SpringR2dbcAppApplication      : Customer found with findByLastName('Bauer'):
2024-06-12T17:46:10.662+05:30  INFO 551102 --- [spring-r2dbc-app] [           main] com.wipro.SpringR2dbcAppApplication      : --------------------------------------------
2024-06-12T17:46:10.709+05:30  INFO 551102 --- [spring-r2dbc-app] [           main] com.wipro.SpringR2dbcAppApplication      : Customer[id=1, firstName='Jack', lastName='Bauer']
2024-06-12T17:46:10.711+05:30  INFO 551102 --- [spring-r2dbc-app] [           main] com.wipro.SpringR2dbcAppApplication      : Customer[id=3, firstName='Kim', lastName='Bauer']
2024-06-12T17:46:10.712+05:30  INFO 551102 --- [spring-r2dbc-app] [           main] com.wipro.SpringR2dbcAppApplication      : 
]]></system-out>
  </testcase>
</testsuite>